<?xml version="1.0" encoding="UTF-8"?>
<!-- Generated by org.testng.reporters.JUnitReportReporter -->
<testsuite hostname="IE11Win7" name="package2.TestNG" tests="3" failures="0" timestamp="8 May 2016 10:43:46 GMT" time="0.018" errors="0">
  <testcase name="SecondTest" time="0.007" classname="package2.TestNG"/>
  <testcase name="timeouttest" time="0.010" classname="package2.TestNG"/>
  <testcase name="FirstTest" time="0.001" classname="package2.TestNG"/>
</testsuite> <!-- package2.TestNG -->
