<?xml version="1.0" encoding="UTF-8"?>
<!-- Generated by org.testng.reporters.JUnitReportReporter -->
<testsuite hostname="IE11Win7" name="com.tests.TestNGMaven0805.TestNG" tests="1" failures="0" timestamp="8 May 2016 11:06:07 GMT" time="0.001" errors="0">
  <testcase name="noofproducts" time="0.001" classname="com.tests.TestNGMaven0805.TestNG"/>
</testsuite> <!-- com.tests.TestNGMaven0805.TestNG -->
