<?xml version="1.0" encoding="UTF-8"?>
<!-- Generated by org.testng.reporters.JUnitReportReporter -->
<testsuite hostname="IE11Win7" name="com.tests.TestNGMaven0805.TestNGDataDriven" tests="2" failures="0" timestamp="8 May 2016 11:38:38 GMT" time="0.016" errors="0">
  <testcase name="testusedatafromDataProvider" time="0.013" classname="com.tests.TestNGMaven0805.TestNGDataDriven"/>
  <testcase name="testusedatafromDataProvider" time="0.003" classname="com.tests.TestNGMaven0805.TestNGDataDriven"/>
</testsuite> <!-- com.tests.TestNGMaven0805.TestNGDataDriven -->
