<?xml version="1.0" encoding="UTF-8"?>
<!-- Generated by org.testng.reporters.JUnitReportReporter -->
<testsuite hostname="IE11Win7" name="com.tests.TestNGMaven0805.TestNGSecond" tests="2" failures="0" timestamp="8 May 2016 11:06:07 GMT" time="0.013" errors="0">
  <testcase name="SecondClassTest2" time="0.002" classname="com.tests.TestNGMaven0805.TestNGSecond"/>
  <testcase name="SecondClassTest1" time="0.011" classname="com.tests.TestNGMaven0805.TestNGSecond"/>
</testsuite> <!-- com.tests.TestNGMaven0805.TestNGSecond -->
